[debug] [2023-09-10T03:17:27.524Z] ----------------------------------------------------------------------
[debug] [2023-09-10T03:17:27.526Z] Command:       C:\Program Files\nodejs\node.exe C:\Users\erdem\AppData\Roaming\npm\node_modules\firebase-tools\lib\bin\firebase.js init
[debug] [2023-09-10T03:17:27.526Z] CLI Version:   12.5.2
[debug] [2023-09-10T03:17:27.527Z] Platform:      win32
[debug] [2023-09-10T03:17:27.527Z] Node Version:  v18.17.1
[debug] [2023-09-10T03:17:27.530Z] Time:          Sun Sep 10 2023 06:17:27 GMT+0300 (GMT+03:00)
[debug] [2023-09-10T03:17:27.530Z] ----------------------------------------------------------------------
[debug] 
[debug] [2023-09-10T03:17:27.534Z] >>> [apiv2][query] GET https://firebase-public.firebaseio.com/cli.json [none]
[debug] [2023-09-10T03:17:27.648Z] > command requires scopes: ["email","openid","https://www.googleapis.com/auth/cloudplatformprojects.readonly","https://www.googleapis.com/auth/firebase","https://www.googleapis.com/auth/cloud-platform"]
[debug] [2023-09-10T03:17:27.649Z] > authorizing via signed-in user (e.celik20@gmail.com)
[info] 
     ######## #### ########  ######## ########     ###     ######  ########
     ##        ##  ##     ## ##       ##     ##  ##   ##  ##       ##
     ######    ##  ########  ######   ########  #########  ######  ######
     ##        ##  ##    ##  ##       ##     ## ##     ##       ## ##
     ##       #### ##     ## ######## ########  ##     ##  ######  ########

You're about to initialize a Firebase project in this directory:

  C:\Users\erdem\PycharmProjects\backend

Before we get started, keep in mind:

  * You are initializing within an existing Firebase project directory

[debug] [2023-09-10T03:17:28.183Z] <<< [apiv2][status] GET https://firebase-public.firebaseio.com/cli.json 200
[debug] [2023-09-10T03:17:28.184Z] <<< [apiv2][body] GET https://firebase-public.firebaseio.com/cli.json {"cloudBuildErrorAfter":1594252800000,"cloudBuildWarnAfter":1590019200000,"defaultNode10After":1594252800000,"minVersion":"3.0.5","node8DeploysDisabledAfter":1613390400000,"node8RuntimeDisabledAfter":1615809600000,"node8WarnAfter":1600128000000}
[info] 
=== Project Setup
[info] 
[info] First, let's associate this project directory with a Firebase project.
[info] You can create multiple project aliases by running firebase use --add, 
[info] but for now we'll just set up a default project.
[info] 
[debug] [2023-09-10T03:18:16.276Z] Using project from CLI flag: bekentcelik
[debug] [2023-09-10T03:18:16.276Z] > refreshing access token with scopes: []
[debug] [2023-09-10T03:18:16.277Z] >>> [apiv2][query] POST https://www.googleapis.com/oauth2/v3/token [none]
[debug] [2023-09-10T03:18:16.277Z] >>> [apiv2][body] POST https://www.googleapis.com/oauth2/v3/token [omitted]
[debug] [2023-09-10T03:18:24.193Z] <<< [apiv2][status] POST https://www.googleapis.com/oauth2/v3/token 200
[debug] [2023-09-10T03:18:24.193Z] <<< [apiv2][body] POST https://www.googleapis.com/oauth2/v3/token [omitted]
[debug] [2023-09-10T03:18:24.199Z] >>> [apiv2][query] GET https://firebase.googleapis.com/v1beta1/projects/bekentcelik [none]
[debug] [2023-09-10T03:18:25.659Z] <<< [apiv2][status] GET https://firebase.googleapis.com/v1beta1/projects/bekentcelik 200
[debug] [2023-09-10T03:18:25.659Z] <<< [apiv2][body] GET https://firebase.googleapis.com/v1beta1/projects/bekentcelik {"projectId":"bekentcelik","projectNumber":"562346845424","displayName":"bekentcelik","name":"projects/bekentcelik","resources":{"hostingSite":"bekentcelik"},"state":"ACTIVE","etag":"1_6a61747e-5830-48ab-89e3-e79ba4a98552"}
[info] i  Using project bekentcelik (bekentcelik) 
[info] 
=== Hosting:github Setup
[info] 
[info] i  Didn't detect a .git folder. Assuming C:\Users\erdem\PycharmProjects\backend is the project root. 
[info] i  Authorizing with GitHub to upload your service account to a GitHub repository's secrets store. 
[info] 
[info] Visit this URL on this device to log in:
[info] https://github.com/login/oauth/authorize?client_id=89cf50f02ac6aaed3484&state=367867976&redirect_uri=http%3A%2F%2Flocalhost%3A9005&scope=read%3Auser%20repo%20public_repo
[info] 
[info] Waiting for authentication...
[debug] [2023-09-10T03:18:27.601Z] >>> [apiv2][query] POST https://github.com/login/oauth/access_token [none]
[debug] [2023-09-10T03:18:27.601Z] >>> [apiv2][body] POST https://github.com/login/oauth/access_token [stream]
[debug] [2023-09-10T03:18:27.957Z] <<< [apiv2][status] POST https://github.com/login/oauth/access_token 200
[debug] [2023-09-10T03:18:27.958Z] <<< [apiv2][body] POST https://github.com/login/oauth/access_token {"access_token":"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","token_type":"bearer","scope":"read:user,repo"}
[debug] [2023-09-10T03:18:27.964Z] >>> [apiv2][query] GET https://api.github.com/user [none]
[debug] [2023-09-10T03:18:28.396Z] <<< [apiv2][status] GET https://api.github.com/user 200
[debug] [2023-09-10T03:18:28.397Z] <<< [apiv2][body] GET https://api.github.com/user {"login":"korsanreis","id":1749142,"node_id":"MDQ6VXNlcjE3NDkxNDI=","avatar_url":"https://avatars.githubusercontent.com/u/1749142?v=4","gravatar_id":"","url":"https://api.github.com/users/korsanreis","html_url":"https://github.com/korsanreis","followers_url":"https://api.github.com/users/korsanreis/followers","following_url":"https://api.github.com/users/korsanreis/following{/other_user}","gists_url":"https://api.github.com/users/korsanreis/gists{/gist_id}","starred_url":"https://api.github.com/users/korsanreis/starred{/owner}{/repo}","subscriptions_url":"https://api.github.com/users/korsanreis/subscriptions","organizations_url":"https://api.github.com/users/korsanreis/orgs","repos_url":"https://api.github.com/users/korsanreis/repos","events_url":"https://api.github.com/users/korsanreis/events{/privacy}","received_events_url":"https://api.github.com/users/korsanreis/received_events","type":"User","site_admin":false,"name":null,"company":null,"blog":"","location":null,"email":null,"hireable":null,"bio":null,"twitter_username":null,"public_repos":32,"public_gists":1,"followers":5,"following":25,"created_at":"2012-05-17T13:28:53Z","updated_at":"2023-06-17T01:25:54Z","private_gists":2,"total_private_repos":1,"owned_private_repos":1,"disk_usage":95087,"collaborators":0,"two_factor_authentication":false,"plan":{"name":"free","space":976562499,"collaborators":0,"private_repos":10000}}
[info] 
[info] +  Success! Logged into GitHub as korsanreis 
[info] 
[debug] [2023-09-10T03:19:20.543Z] ----------------------------------------------------------------------
[debug] [2023-09-10T03:19:20.546Z] Command:       C:\Program Files\nodejs\node.exe C:\Users\erdem\AppData\Roaming\npm\node_modules\firebase-tools\lib\bin\firebase.js init
[debug] [2023-09-10T03:19:20.546Z] CLI Version:   12.5.2
[debug] [2023-09-10T03:19:20.546Z] Platform:      win32
[debug] [2023-09-10T03:19:20.546Z] Node Version:  v18.17.1
[debug] [2023-09-10T03:19:20.547Z] Time:          Sun Sep 10 2023 06:19:20 GMT+0300 (GMT+03:00)
[debug] [2023-09-10T03:19:20.547Z] ----------------------------------------------------------------------
[debug] 
[debug] [2023-09-10T03:19:20.633Z] > command requires scopes: ["email","openid","https://www.googleapis.com/auth/cloudplatformprojects.readonly","https://www.googleapis.com/auth/firebase","https://www.googleapis.com/auth/cloud-platform"]
[debug] [2023-09-10T03:19:20.633Z] > authorizing via signed-in user (e.celik20@gmail.com)
[info] 
     ######## #### ########  ######## ########     ###     ######  ########
     ##        ##  ##     ## ##       ##     ##  ##   ##  ##       ##
     ######    ##  ########  ######   ########  #########  ######  ######
     ##        ##  ##    ##  ##       ##     ## ##     ##       ## ##
     ##       #### ##     ## ######## ########  ##     ##  ######  ########

You're about to initialize a Firebase project in this directory:

  C:\Users\erdem\PycharmProjects\backend

Before we get started, keep in mind:

  * You are initializing within an existing Firebase project directory

[debug] [2023-09-10T19:34:55.924Z] ----------------------------------------------------------------------
[debug] [2023-09-10T19:34:55.926Z] Command:       C:\Program Files\nodejs\node.exe C:\Users\erdem\AppData\Roaming\npm\node_modules\firebase-tools\lib\bin\firebase.js init
[debug] [2023-09-10T19:34:55.926Z] CLI Version:   12.5.2
[debug] [2023-09-10T19:34:55.926Z] Platform:      win32
[debug] [2023-09-10T19:34:55.926Z] Node Version:  v18.17.1
[debug] [2023-09-10T19:34:55.934Z] Time:          Sun Sep 10 2023 22:34:55 GMT+0300 (GMT+03:00)
[debug] [2023-09-10T19:34:55.934Z] ----------------------------------------------------------------------
[debug] 
[debug] [2023-09-10T19:34:56.001Z] > command requires scopes: ["email","openid","https://www.googleapis.com/auth/cloudplatformprojects.readonly","https://www.googleapis.com/auth/firebase","https://www.googleapis.com/auth/cloud-platform"]
[debug] [2023-09-10T19:34:56.002Z] > authorizing via signed-in user (e.celik20@gmail.com)
[info] 
     ######## #### ########  ######## ########     ###     ######  ########
     ##        ##  ##     ## ##       ##     ##  ##   ##  ##       ##
     ######    ##  ########  ######   ########  #########  ######  ######
     ##        ##  ##    ##  ##       ##     ## ##     ##       ## ##
     ##       #### ##     ## ######## ########  ##     ##  ######  ########

You're about to initialize a Firebase project in this directory:

  C:\Users\erdem\PycharmProjects\backend

Before we get started, keep in mind:

  * You are initializing within an existing Firebase project directory

[info] 
=== Project Setup
[info] 
[info] First, let's associate this project directory with a Firebase project.
[info] You can create multiple project aliases by running firebase use --add, 
[info] but for now we'll just set up a default project.
[info] 
[debug] [2023-09-10T19:35:20.346Z] Using project from CLI flag: bekentcelik
[debug] [2023-09-10T19:35:20.347Z] > refreshing access token with scopes: []
[debug] [2023-09-10T19:35:20.349Z] >>> [apiv2][query] POST https://www.googleapis.com/oauth2/v3/token [none]
[debug] [2023-09-10T19:35:20.349Z] >>> [apiv2][body] POST https://www.googleapis.com/oauth2/v3/token [omitted]
[debug] [2023-09-10T19:35:20.630Z] <<< [apiv2][status] POST https://www.googleapis.com/oauth2/v3/token 200
[debug] [2023-09-10T19:35:20.630Z] <<< [apiv2][body] POST https://www.googleapis.com/oauth2/v3/token [omitted]
[debug] [2023-09-10T19:35:20.636Z] >>> [apiv2][query] GET https://firebase.googleapis.com/v1beta1/projects/bekentcelik [none]
[debug] [2023-09-10T19:35:21.048Z] <<< [apiv2][status] GET https://firebase.googleapis.com/v1beta1/projects/bekentcelik 200
[debug] [2023-09-10T19:35:21.048Z] <<< [apiv2][body] GET https://firebase.googleapis.com/v1beta1/projects/bekentcelik {"projectId":"bekentcelik","projectNumber":"562346845424","displayName":"bekentcelik","name":"projects/bekentcelik","resources":{"hostingSite":"bekentcelik"},"state":"ACTIVE","etag":"1_6a61747e-5830-48ab-89e3-e79ba4a98552"}
[info] i  Using project bekentcelik (bekentcelik) 
[info] 
=== Hosting:github Setup
[info] 
[info] i  Detected a .git folder at C:\Users\erdem\PycharmProjects\backend 
[info] i  Authorizing with GitHub to upload your service account to a GitHub repository's secrets store. 
[info] 
[info] Visit this URL on this device to log in:
[info] https://github.com/login/oauth/authorize?client_id=89cf50f02ac6aaed3484&state=106813955&redirect_uri=http%3A%2F%2Flocalhost%3A9005&scope=read%3Auser%20repo%20public_repo
[info] 
[info] Waiting for authentication...
[debug] [2023-09-10T19:35:21.961Z] >>> [apiv2][query] POST https://github.com/login/oauth/access_token [none]
[debug] [2023-09-10T19:35:21.961Z] >>> [apiv2][body] POST https://github.com/login/oauth/access_token [stream]
[debug] [2023-09-10T19:35:22.366Z] <<< [apiv2][status] POST https://github.com/login/oauth/access_token 200
[debug] [2023-09-10T19:35:22.366Z] <<< [apiv2][body] POST https://github.com/login/oauth/access_token {"access_token":"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","token_type":"bearer","scope":"read:user,repo"}
[debug] [2023-09-10T19:35:22.373Z] >>> [apiv2][query] GET https://api.github.com/user [none]
[debug] [2023-09-10T19:35:22.896Z] <<< [apiv2][status] GET https://api.github.com/user 200
[debug] [2023-09-10T19:35:22.897Z] <<< [apiv2][body] GET https://api.github.com/user {"login":"korsanreis","id":1749142,"node_id":"MDQ6VXNlcjE3NDkxNDI=","avatar_url":"https://avatars.githubusercontent.com/u/1749142?v=4","gravatar_id":"","url":"https://api.github.com/users/korsanreis","html_url":"https://github.com/korsanreis","followers_url":"https://api.github.com/users/korsanreis/followers","following_url":"https://api.github.com/users/korsanreis/following{/other_user}","gists_url":"https://api.github.com/users/korsanreis/gists{/gist_id}","starred_url":"https://api.github.com/users/korsanreis/starred{/owner}{/repo}","subscriptions_url":"https://api.github.com/users/korsanreis/subscriptions","organizations_url":"https://api.github.com/users/korsanreis/orgs","repos_url":"https://api.github.com/users/korsanreis/repos","events_url":"https://api.github.com/users/korsanreis/events{/privacy}","received_events_url":"https://api.github.com/users/korsanreis/received_events","type":"User","site_admin":false,"name":null,"company":null,"blog":"","location":null,"email":null,"hireable":null,"bio":null,"twitter_username":null,"public_repos":33,"public_gists":1,"followers":5,"following":25,"created_at":"2012-05-17T13:28:53Z","updated_at":"2023-06-17T01:25:54Z","private_gists":2,"total_private_repos":1,"owned_private_repos":1,"disk_usage":95087,"collaborators":0,"two_factor_authentication":false,"plan":{"name":"free","space":976562499,"collaborators":0,"private_repos":10000}}
[info] 
[info] +  Success! Logged into GitHub as korsanreis 
[info] 
